<?xml version="1.0" encoding="UTF-8"?>
<!-- Generated by org.testng.reporters.JUnitXMLReporter -->
<testsuite hostname="NLLH4000520205" ignored="0" name="Command line test" tests="10" failures="0" timestamp="16 Sep 2019 11:37:25 GMT" time="102.584" errors="0">
  <testcase name="languageChangeCheck" time="0.426" classname="com.consumercredits.dod.TestNG_DoDTestSuite"/>
  <testcase name="boReachCheck" time="5.219" classname="com.consumercredits.dod.TestNG_DoDTestSuite"/>
  <testcase name="successSearch" time="0.935" classname="com.consumercredits.dod.TestNG_DoDTestSuite"/>
  <testcase name="accountGroupVerification" time="4.032" classname="com.consumercredits.dod.TestNG_DoDTestSuite"/>
  <testcase name="accountGroupVerification" time="4.172" classname="com.consumercredits.dod.TestNG_DoDTestSuite"/>
  <testcase name="accountGroupVerification" time="11.476" classname="com.consumercredits.dod.TestNG_DoDTestSuite"/>
  <testcase name="accountGroupVerification" time="4.058" classname="com.consumercredits.dod.TestNG_DoDTestSuite"/>
  <testcase name="accountGroupVerification" time="6.915" classname="com.consumercredits.dod.TestNG_DoDTestSuite"/>
  <testcase name="accountGroupVerification" time="6.575" classname="com.consumercredits.dod.TestNG_DoDTestSuite"/>
  <testcase name="accountGroupVerification" time="6.898" classname="com.consumercredits.dod.TestNG_DoDTestSuite"/>
</testsuite> <!-- Command line test -->
